1535640265416	geckodriver	INFO	geckodriver 0.21.0
1535640265428	geckodriver	INFO	Listening on 127.0.0.1:50978
1535640359638	geckodriver	INFO	geckodriver 0.21.0
1535640359650	geckodriver	INFO	Listening on 127.0.0.1:51206
1535640362650	mozrunner::runner	INFO	Running command: "C:\\Program Files\\Mozilla Firefox\\firefox.exe" "-marionette" "-foreground" "-no-remote" "-profile" "C:\\Users\\nbida\\AppData\\Local\\Temp\\rust_mozprofile.LjxGchQxhzq4"
Unable to read VR Path Registry from C:\Users\nbida\AppData\Local\openvr\openvrpaths.vrpath
Unable to read VR Path Registry from C:\Users\nbida\AppData\Local\openvr\openvrpaths.vrpath
Unable to read VR Path Registry from C:\Users\nbida\AppData\Local\openvr\openvrpaths.vrpath
Unable to read VR Path Registry from C:\Users\nbida\AppData\Local\openvr\openvrpaths.vrpath
Unable to read VR Path Registry from C:\Users\nbida\AppData\Local\openvr\openvrpaths.vrpath
1535640364790	Marionette	INFO	Listening on port 51217
1535640364881	Marionette	WARN	TLS certificate errors will be ignored for this session
[Parent 31484, Gecko_IOThread] WARNING: pipe error: 109: file z:/build/build/src/ipc/chromium/src/chrome/common/ipc_channel_win.cc, line 346
[Parent 31484, Gecko_IOThread] WARNING: pipe error: 109: file z:/build/build/src/ipc/chromium/src/chrome/common/ipc_channel_win.cc, line 346
[Parent 31484, Gecko_IOThread] WARNING: pipe error: 109: file z:/build/build/src/ipc/chromium/src/chrome/common/ipc_channel_win.cc, line 346
[Child 14436, Chrome_ChildThread] WARNING: pipe error: 109: file z:/build/build/src/ipc/chromium/src/chrome/common/ipc_channel_win.cc, line 346
[Child 144[GPU 9436, Chrome
###!!! [Child][MessageChannel::SendAndWait] Error: Channel error: cannot send/recv

1535641457799	geckodriver	INFO	geckodriver 0.21.0
1535641457810	geckodriver	INFO	Listening on 127.0.0.1:51680
1535641460839	mozrunner::runner	INFO	Running command: "C:\\Program Files\\Mozilla Firefox\\firefox.exe" "-marionette" "-foreground" "-no-remote" "-profile" "C:\\Users\\nbida\\AppData\\Local\\Temp\\rust_mozprofile.GysmC9IQwEpV"
Unable to read VR Path Registry from C:\Users\nbida\AppData\Local\openvr\openvrpaths.vrpath
Unable to read VR Path Registry from C:\Users\nbida\AppData\Local\openvr\openvrpaths.vrpath
Unable to read VR Path Registry from C:\Users\nbida\AppData\Local\openvr\openvrpaths.vrpath
Unable to read VR Path Registry from C:\Users\nbida\AppData\Local\openvr\openvrpaths.vrpath
Unable to read VR Path Registry from C:\Users\nbida\AppData\Local\openvr\openvrpaths.vrpath
1535641462934	Marionette	INFO	Listening on port 51690
1535641463061	Marionette	WARN	TLS certificate errors will be ignored for this session
[Parent 28980, Gecko_IOThread] WARNING: pipe error: 109: file z:/build/build/src/ipc/chromium/src/chrome/common/ipc_channel_win.cc, line 346
[Child 28620, Chrome_ChildThread] WARNING: pipe error: 109: file z:/build/build/src/ipc/chromium/src/chrome/common/ipc_channel_win.cc, line 346
[Child 28620, Chrome_ChildThread] WARNING: pipe error: 109: file z:/build/build/src/ipc[Parent 28980, Gecko_IOThread] WARNING: pipe error: 109: file z:/build/build/src/ipc/chromium/src/chrome/common/ipc_channel_win.cc, line 346
[Child 
###!!! [Parent][MessageChannel] Error: (msgtype=0x16008C,name=PBrowser::Msg_UpdateNativeWindowHandle) Closed channel: cannot send/recv

2
###!!! [Parent][MessageChannel] Error: (msgtype=0x16007F,name=PBrowser::Msg_Destroy) Closed channel: cannot send/recv

9164, Chrome_ChildThread] WARNING: pipe error: 109: file z:/build/build/src/ipc/chromium/src/chrome/common/ipc_channel_win.cc, line 346
[Child 29164, Chrome_ChildThread] WARNING: pipe error: 109: file z:/build/build/src/ipc/chromium/src/chrome/common/i
###!!! [Child][MessageChannel] Error: (msgtype=0x160001,name=PBrowser::Msg_AsyncMessage) Closed channel: cannot send/recv

pc_channel_win.cc, line 346
JavaScript error: chrome://browser/content/tab-content.js, line 282: NS_ERROR_UNEXPECTED: 

###!!! [Child][MessageChannel] Error: (msgtype=0x160001,name=PBrowser::Msg_AsyncMessage) Closed channel: cannot send/recv

JavaScript error: chrome://browser/content/content.js, line 963: NS_ERROR_UNEXPECTED: 

###!!! [Child][MessageChannel] Error: (msgtype=0x16002B,name=PBrowser::Msg_SetInputContext) Closed channel: cannot send/recv

[Parent 28980, Gecko_IOThread] WARNING: pipe error: 109: file z:/build/build/src/ipc/chromium/src/chrome/common/ipc_channel_win.cc, line 346
[Child 31032, Chrome_ChildThread] WARNING: pipe error: 109: file z:/build/build/src/ipc/chromium/src/chrome/common/ipc_channel_win.cc, line 346
[Child 3